2025-08-28 11:17:14,203 [ERROR] tradingbot_final: No TELEGRAM_TOKEN provided; exiting.
2025-08-28 11:18:55,182 [ERROR] tradingbot_final: No TELEGRAM_TOKEN provided; exiting.
2025-08-28 11:21:51,198 [ERROR] tradingbot_final: No TELEGRAM_TOKEN provided; exiting.
2025-08-28 11:24:47,621 [ERROR] tradingbot_final: No TELEGRAM_TOKEN provided; exiting.
2025-08-28 11:27:54,725 [ERROR] tradingbot_final: No TELEGRAM_TOKEN provided; exiting.
2025-08-28 11:54:28,064 [INFO] tradingBot: Scheduler thread started
2025-08-28 11:54:28,064 [INFO] tradingBot: Starting tradingBot supervisor (auto-restart enabled). Logs: ./data\tradingbot.log
2025-08-28 11:54:29,908 [INFO] tradingBot: Launching Application.run_polling() (blocking)
2025-08-28 11:54:30,768 [INFO] tradingBot: HTTP Request: POST https://api.telegram.org/bot7793768064:AAEHbRn06OVIQKCsmnnYSr5Fk3b0XjyPEUg/getMe "HTTP/1.1 200 OK"
2025-08-28 11:54:30,924 [INFO] tradingBot: HTTP Request: POST https://api.telegram.org/bot7793768064:AAEHbRn06OVIQKCsmnnYSr5Fk3b0XjyPEUg/deleteWebhook "HTTP/1.1 200 OK"
2025-08-28 11:54:30,924 [INFO] tradingBot: Application started
2025-08-28 11:54:41,416 [INFO] tradingBot: HTTP Request: POST https://api.telegram.org/bot7793768064:AAEHbRn06OVIQKCsmnnYSr5Fk3b0XjyPEUg/getUpdates "HTTP/1.1 200 OK"
2025-08-28 11:54:47,872 [INFO] tradingBot: HTTP Request: POST https://api.telegram.org/bot7793768064:AAEHbRn06OVIQKCsmnnYSr5Fk3b0XjyPEUg/getUpdates "HTTP/1.1 200 OK"
2025-08-28 11:54:49,098 [INFO] tradingBot: HTTP Request: POST https://api.telegram.org/bot7793768064:AAEHbRn06OVIQKCsmnnYSr5Fk3b0XjyPEUg/sendMessage "HTTP/1.1 200 OK"
2025-08-28 11:54:51,607 [INFO] tradingBot: HTTP Request: POST https://api.telegram.org/bot7793768064:AAEHbRn06OVIQKCsmnnYSr5Fk3b0XjyPEUg/sendMessage "HTTP/1.1 200 OK"
2025-08-28 11:54:51,878 [INFO] tradingBot: HTTP Request: POST https://api.telegram.org/bot7793768064:AAEHbRn06OVIQKCsmnnYSr5Fk3b0XjyPEUg/sendMessage "HTTP/1.1 200 OK"
2025-08-28 11:54:56,783 [INFO] tradingBot: HTTP Request: POST https://api.telegram.org/bot7793768064:AAEHbRn06OVIQKCsmnnYSr5Fk3b0XjyPEUg/sendPhoto "HTTP/1.1 200 OK"
2025-08-28 11:54:58,743 [INFO] tradingBot: HTTP Request: POST https://api.telegram.org/bot7793768064:AAEHbRn06OVIQKCsmnnYSr5Fk3b0XjyPEUg/getUpdates "HTTP/1.1 200 OK"
2025-08-28 11:55:01,943 [INFO] tradingBot: HTTP Request: POST https://api.telegram.org/bot7793768064:AAEHbRn06OVIQKCsmnnYSr5Fk3b0XjyPEUg/sendPhoto "HTTP/1.1 200 OK"
2025-08-28 11:55:07,180 [INFO] tradingBot: HTTP Request: POST https://api.telegram.org/bot7793768064:AAEHbRn06OVIQKCsmnnYSr5Fk3b0XjyPEUg/sendPhoto "HTTP/1.1 200 OK"
2025-08-28 11:55:08,918 [INFO] tradingBot: HTTP Request: POST https://api.telegram.org/bot7793768064:AAEHbRn06OVIQKCsmnnYSr5Fk3b0XjyPEUg/getUpdates "HTTP/1.1 200 OK"
2025-08-28 11:55:13,417 [INFO] tradingBot: HTTP Request: POST https://api.telegram.org/bot7793768064:AAEHbRn06OVIQKCsmnnYSr5Fk3b0XjyPEUg/sendPhoto "HTTP/1.1 200 OK"
2025-08-28 11:55:19,076 [INFO] tradingBot: HTTP Request: POST https://api.telegram.org/bot7793768064:AAEHbRn06OVIQKCsmnnYSr5Fk3b0XjyPEUg/getUpdates "HTTP/1.1 200 OK"
2025-08-28 11:55:21,162 [INFO] tradingBot: HTTP Request: POST https://api.telegram.org/bot7793768064:AAEHbRn06OVIQKCsmnnYSr5Fk3b0XjyPEUg/sendPhoto "HTTP/1.1 200 OK"
2025-08-28 11:55:29,278 [INFO] tradingBot: HTTP Request: POST https://api.telegram.org/bot7793768064:AAEHbRn06OVIQKCsmnnYSr5Fk3b0XjyPEUg/getUpdates "HTTP/1.1 200 OK"
2025-08-28 11:55:33,113 [INFO] tradingBot: HTTP Request: POST https://api.telegram.org/bot7793768064:AAEHbRn06OVIQKCsmnnYSr5Fk3b0XjyPEUg/sendPhoto "HTTP/1.1 200 OK"
2025-08-28 11:55:39,678 [INFO] tradingBot: HTTP Request: POST https://api.telegram.org/bot7793768064:AAEHbRn06OVIQKCsmnnYSr5Fk3b0XjyPEUg/getUpdates "HTTP/1.1 200 OK"
2025-08-28 11:55:49,848 [INFO] tradingBot: HTTP Request: POST https://api.telegram.org/bot7793768064:AAEHbRn06OVIQKCsmnnYSr5Fk3b0XjyPEUg/getUpdates "HTTP/1.1 200 OK"
2025-08-28 11:56:00,032 [INFO] tradingBot: HTTP Request: POST https://api.telegram.org/bot7793768064:AAEHbRn06OVIQKCsmnnYSr5Fk3b0XjyPEUg/getUpdates "HTTP/1.1 200 OK"
2025-08-28 11:56:10,233 [INFO] tradingBot: HTTP Request: POST https://api.telegram.org/bot7793768064:AAEHbRn06OVIQKCsmnnYSr5Fk3b0XjyPEUg/getUpdates "HTTP/1.1 200 OK"
2025-08-28 11:56:20,386 [INFO] tradingBot: HTTP Request: POST https://api.telegram.org/bot7793768064:AAEHbRn06OVIQKCsmnnYSr5Fk3b0XjyPEUg/getUpdates "HTTP/1.1 200 OK"
2025-08-28 11:56:30,570 [INFO] tradingBot: HTTP Request: POST https://api.telegram.org/bot7793768064:AAEHbRn06OVIQKCsmnnYSr5Fk3b0XjyPEUg/getUpdates "HTTP/1.1 200 OK"
2025-08-28 11:56:40,762 [INFO] tradingBot: HTTP Request: POST https://api.telegram.org/bot7793768064:AAEHbRn06OVIQKCsmnnYSr5Fk3b0XjyPEUg/getUpdates "HTTP/1.1 200 OK"
2025-08-28 11:56:50,915 [INFO] tradingBot: HTTP Request: POST https://api.telegram.org/bot7793768064:AAEHbRn06OVIQKCsmnnYSr5Fk3b0XjyPEUg/getUpdates "HTTP/1.1 200 OK"
2025-08-28 11:57:01,101 [INFO] tradingBot: HTTP Request: POST https://api.telegram.org/bot7793768064:AAEHbRn06OVIQKCsmnnYSr5Fk3b0XjyPEUg/getUpdates "HTTP/1.1 200 OK"
2025-08-28 11:57:11,271 [INFO] tradingBot: HTTP Request: POST https://api.telegram.org/bot7793768064:AAEHbRn06OVIQKCsmnnYSr5Fk3b0XjyPEUg/getUpdates "HTTP/1.1 200 OK"
2025-08-28 11:57:21,456 [INFO] tradingBot: HTTP Request: POST https://api.telegram.org/bot7793768064:AAEHbRn06OVIQKCsmnnYSr5Fk3b0XjyPEUg/getUpdates "HTTP/1.1 200 OK"
2025-08-28 11:57:31,625 [INFO] tradingBot: HTTP Request: POST https://api.telegram.org/bot7793768064:AAEHbRn06OVIQKCsmnnYSr5Fk3b0XjyPEUg/getUpdates "HTTP/1.1 200 OK"
2025-08-28 11:57:41,778 [INFO] tradingBot: HTTP Request: POST https://api.telegram.org/bot7793768064:AAEHbRn06OVIQKCsmnnYSr5Fk3b0XjyPEUg/getUpdates "HTTP/1.1 200 OK"
2025-08-28 11:57:51,938 [INFO] tradingBot: HTTP Request: POST https://api.telegram.org/bot7793768064:AAEHbRn06OVIQKCsmnnYSr5Fk3b0XjyPEUg/getUpdates "HTTP/1.1 200 OK"
2025-08-28 11:58:02,105 [INFO] tradingBot: HTTP Request: POST https://api.telegram.org/bot7793768064:AAEHbRn06OVIQKCsmnnYSr5Fk3b0XjyPEUg/getUpdates "HTTP/1.1 200 OK"
2025-08-28 11:58:12,289 [INFO] tradingBot: HTTP Request: POST https://api.telegram.org/bot7793768064:AAEHbRn06OVIQKCsmnnYSr5Fk3b0XjyPEUg/getUpdates "HTTP/1.1 200 OK"
2025-08-28 11:58:22,443 [INFO] tradingBot: HTTP Request: POST https://api.telegram.org/bot7793768064:AAEHbRn06OVIQKCsmnnYSr5Fk3b0XjyPEUg/getUpdates "HTTP/1.1 200 OK"
2025-08-28 11:58:32,628 [INFO] tradingBot: HTTP Request: POST https://api.telegram.org/bot7793768064:AAEHbRn06OVIQKCsmnnYSr5Fk3b0XjyPEUg/getUpdates "HTTP/1.1 200 OK"
2025-08-28 11:58:42,798 [INFO] tradingBot: HTTP Request: POST https://api.telegram.org/bot7793768064:AAEHbRn06OVIQKCsmnnYSr5Fk3b0XjyPEUg/getUpdates "HTTP/1.1 200 OK"
2025-08-28 11:58:52,974 [INFO] tradingBot: HTTP Request: POST https://api.telegram.org/bot7793768064:AAEHbRn06OVIQKCsmnnYSr5Fk3b0XjyPEUg/getUpdates "HTTP/1.1 200 OK"
2025-08-28 11:59:03,178 [INFO] tradingBot: HTTP Request: POST https://api.telegram.org/bot7793768064:AAEHbRn06OVIQKCsmnnYSr5Fk3b0XjyPEUg/getUpdates "HTTP/1.1 200 OK"
2025-08-28 11:59:13,378 [INFO] tradingBot: HTTP Request: POST https://api.telegram.org/bot7793768064:AAEHbRn06OVIQKCsmnnYSr5Fk3b0XjyPEUg/getUpdates "HTTP/1.1 200 OK"
2025-08-28 11:59:23,562 [INFO] tradingBot: HTTP Request: POST https://api.telegram.org/bot7793768064:AAEHbRn06OVIQKCsmnnYSr5Fk3b0XjyPEUg/getUpdates "HTTP/1.1 200 OK"
2025-08-28 11:59:33,790 [INFO] tradingBot: HTTP Request: POST https://api.telegram.org/bot7793768064:AAEHbRn06OVIQKCsmnnYSr5Fk3b0XjyPEUg/getUpdates "HTTP/1.1 200 OK"
2025-08-28 11:59:44,244 [INFO] tradingBot: HTTP Request: POST https://api.telegram.org/bot7793768064:AAEHbRn06OVIQKCsmnnYSr5Fk3b0XjyPEUg/getUpdates "HTTP/1.1 200 OK"
2025-08-28 11:59:55,477 [INFO] tradingBot: HTTP Request: POST https://api.telegram.org/bot7793768064:AAEHbRn06OVIQKCsmnnYSr5Fk3b0XjyPEUg/getUpdates "HTTP/1.1 200 OK"
2025-08-28 12:00:05,766 [INFO] tradingBot: HTTP Request: POST https://api.telegram.org/bot7793768064:AAEHbRn06OVIQKCsmnnYSr5Fk3b0XjyPEUg/getUpdates "HTTP/1.1 200 OK"
2025-08-28 12:00:15,969 [INFO] tradingBot: HTTP Request: POST https://api.telegram.org/bot7793768064:AAEHbRn06OVIQKCsmnnYSr5Fk3b0XjyPEUg/getUpdates "HTTP/1.1 200 OK"
2025-08-28 12:00:26,148 [INFO] tradingBot: HTTP Request: POST https://api.telegram.org/bot7793768064:AAEHbRn06OVIQKCsmnnYSr5Fk3b0XjyPEUg/getUpdates "HTTP/1.1 200 OK"
2025-08-28 12:00:36,338 [INFO] tradingBot: HTTP Request: POST https://api.telegram.org/bot7793768064:AAEHbRn06OVIQKCsmnnYSr5Fk3b0XjyPEUg/getUpdates "HTTP/1.1 200 OK"
2025-08-28 12:00:46,532 [INFO] tradingBot: HTTP Request: POST https://api.telegram.org/bot7793768064:AAEHbRn06OVIQKCsmnnYSr5Fk3b0XjyPEUg/getUpdates "HTTP/1.1 200 OK"
2025-08-28 12:00:56,691 [INFO] tradingBot: HTTP Request: POST https://api.telegram.org/bot7793768064:AAEHbRn06OVIQKCsmnnYSr5Fk3b0XjyPEUg/getUpdates "HTTP/1.1 200 OK"
2025-08-28 12:01:06,877 [INFO] tradingBot: HTTP Request: POST https://api.telegram.org/bot7793768064:AAEHbRn06OVIQKCsmnnYSr5Fk3b0XjyPEUg/getUpdates "HTTP/1.1 200 OK"
2025-08-28 12:01:17,087 [INFO] tradingBot: HTTP Request: POST https://api.telegram.org/bot7793768064:AAEHbRn06OVIQKCsmnnYSr5Fk3b0XjyPEUg/getUpdates "HTTP/1.1 200 OK"
2025-08-28 12:01:27,258 [INFO] tradingBot: HTTP Request: POST https://api.telegram.org/bot7793768064:AAEHbRn06OVIQKCsmnnYSr5Fk3b0XjyPEUg/getUpdates "HTTP/1.1 200 OK"
2025-08-28 12:01:37,413 [INFO] tradingBot: HTTP Request: POST https://api.telegram.org/bot7793768064:AAEHbRn06OVIQKCsmnnYSr5Fk3b0XjyPEUg/getUpdates "HTTP/1.1 200 OK"
2025-08-28 12:01:47,584 [INFO] tradingBot: HTTP Request: POST https://api.telegram.org/bot7793768064:AAEHbRn06OVIQKCsmnnYSr5Fk3b0XjyPEUg/getUpdates "HTTP/1.1 200 OK"
2025-08-28 12:01:57,741 [INFO] tradingBot: HTTP Request: POST https://api.telegram.org/bot7793768064:AAEHbRn06OVIQKCsmnnYSr5Fk3b0XjyPEUg/getUpdates "HTTP/1.1 200 OK"
2025-08-28 12:02:07,919 [INFO] tradingBot: HTTP Request: POST https://api.telegram.org/bot7793768064:AAEHbRn06OVIQKCsmnnYSr5Fk3b0XjyPEUg/getUpdates "HTTP/1.1 200 OK"
2025-08-28 12:02:18,101 [INFO] tradingBot: HTTP Request: POST https://api.telegram.org/bot7793768064:AAEHbRn06OVIQKCsmnnYSr5Fk3b0XjyPEUg/getUpdates "HTTP/1.1 200 OK"
2025-08-28 12:02:28,267 [INFO] tradingBot: HTTP Request: POST https://api.telegram.org/bot7793768064:AAEHbRn06OVIQKCsmnnYSr5Fk3b0XjyPEUg/getUpdates "HTTP/1.1 200 OK"
2025-08-28 12:02:38,426 [INFO] tradingBot: HTTP Request: POST https://api.telegram.org/bot7793768064:AAEHbRn06OVIQKCsmnnYSr5Fk3b0XjyPEUg/getUpdates "HTTP/1.1 200 OK"
2025-08-28 12:02:48,591 [INFO] tradingBot: HTTP Request: POST https://api.telegram.org/bot7793768064:AAEHbRn06OVIQKCsmnnYSr5Fk3b0XjyPEUg/getUpdates "HTTP/1.1 200 OK"
2025-08-28 12:02:58,868 [INFO] tradingBot: HTTP Request: POST https://api.telegram.org/bot7793768064:AAEHbRn06OVIQKCsmnnYSr5Fk3b0XjyPEUg/getUpdates "HTTP/1.1 200 OK"
2025-08-28 12:03:09,064 [INFO] tradingBot: HTTP Request: POST https://api.telegram.org/bot7793768064:AAEHbRn06OVIQKCsmnnYSr5Fk3b0XjyPEUg/getUpdates "HTTP/1.1 200 OK"
2025-08-28 12:03:19,230 [INFO] tradingBot: HTTP Request: POST https://api.telegram.org/bot7793768064:AAEHbRn06OVIQKCsmnnYSr5Fk3b0XjyPEUg/getUpdates "HTTP/1.1 200 OK"
2025-08-28 12:03:29,408 [INFO] tradingBot: HTTP Request: POST https://api.telegram.org/bot7793768064:AAEHbRn06OVIQKCsmnnYSr5Fk3b0XjyPEUg/getUpdates "HTTP/1.1 200 OK"
2025-08-28 12:03:39,567 [INFO] tradingBot: HTTP Request: POST https://api.telegram.org/bot7793768064:AAEHbRn06OVIQKCsmnnYSr5Fk3b0XjyPEUg/getUpdates "HTTP/1.1 200 OK"
2025-08-28 12:03:49,729 [INFO] tradingBot: HTTP Request: POST https://api.telegram.org/bot7793768064:AAEHbRn06OVIQKCsmnnYSr5Fk3b0XjyPEUg/getUpdates "HTTP/1.1 200 OK"
2025-08-28 12:03:59,888 [INFO] tradingBot: HTTP Request: POST https://api.telegram.org/bot7793768064:AAEHbRn06OVIQKCsmnnYSr5Fk3b0XjyPEUg/getUpdates "HTTP/1.1 200 OK"
2025-08-28 12:04:10,048 [INFO] tradingBot: HTTP Request: POST https://api.telegram.org/bot7793768064:AAEHbRn06OVIQKCsmnnYSr5Fk3b0XjyPEUg/getUpdates "HTTP/1.1 200 OK"
2025-08-28 12:04:20,197 [INFO] tradingBot: HTTP Request: POST https://api.telegram.org/bot7793768064:AAEHbRn06OVIQKCsmnnYSr5Fk3b0XjyPEUg/getUpdates "HTTP/1.1 200 OK"
2025-08-28 12:04:30,367 [INFO] tradingBot: HTTP Request: POST https://api.telegram.org/bot7793768064:AAEHbRn06OVIQKCsmnnYSr5Fk3b0XjyPEUg/getUpdates "HTTP/1.1 200 OK"
2025-08-28 12:04:40,539 [INFO] tradingBot: HTTP Request: POST https://api.telegram.org/bot7793768064:AAEHbRn06OVIQKCsmnnYSr5Fk3b0XjyPEUg/getUpdates "HTTP/1.1 200 OK"
2025-08-28 12:04:50,685 [INFO] tradingBot: HTTP Request: POST https://api.telegram.org/bot7793768064:AAEHbRn06OVIQKCsmnnYSr5Fk3b0XjyPEUg/getUpdates "HTTP/1.1 200 OK"
2025-08-28 12:05:00,852 [INFO] tradingBot: HTTP Request: POST https://api.telegram.org/bot7793768064:AAEHbRn06OVIQKCsmnnYSr5Fk3b0XjyPEUg/getUpdates "HTTP/1.1 200 OK"
2025-08-28 12:05:11,022 [INFO] tradingBot: HTTP Request: POST https://api.telegram.org/bot7793768064:AAEHbRn06OVIQKCsmnnYSr5Fk3b0XjyPEUg/getUpdates "HTTP/1.1 200 OK"
2025-08-28 12:05:21,187 [INFO] tradingBot: HTTP Request: POST https://api.telegram.org/bot7793768064:AAEHbRn06OVIQKCsmnnYSr5Fk3b0XjyPEUg/getUpdates "HTTP/1.1 200 OK"
2025-08-28 12:05:31,367 [INFO] tradingBot: HTTP Request: POST https://api.telegram.org/bot7793768064:AAEHbRn06OVIQKCsmnnYSr5Fk3b0XjyPEUg/getUpdates "HTTP/1.1 200 OK"
2025-08-28 12:05:41,511 [INFO] tradingBot: HTTP Request: POST https://api.telegram.org/bot7793768064:AAEHbRn06OVIQKCsmnnYSr5Fk3b0XjyPEUg/getUpdates "HTTP/1.1 200 OK"
2025-08-28 12:05:51,663 [INFO] tradingBot: HTTP Request: POST https://api.telegram.org/bot7793768064:AAEHbRn06OVIQKCsmnnYSr5Fk3b0XjyPEUg/getUpdates "HTTP/1.1 200 OK"
2025-08-28 12:06:01,816 [INFO] tradingBot: HTTP Request: POST https://api.telegram.org/bot7793768064:AAEHbRn06OVIQKCsmnnYSr5Fk3b0XjyPEUg/getUpdates "HTTP/1.1 200 OK"
2025-08-28 12:06:11,982 [INFO] tradingBot: HTTP Request: POST https://api.telegram.org/bot7793768064:AAEHbRn06OVIQKCsmnnYSr5Fk3b0XjyPEUg/getUpdates "HTTP/1.1 200 OK"
2025-08-28 12:06:22,136 [INFO] tradingBot: HTTP Request: POST https://api.telegram.org/bot7793768064:AAEHbRn06OVIQKCsmnnYSr5Fk3b0XjyPEUg/getUpdates "HTTP/1.1 200 OK"
2025-08-28 12:06:32,290 [INFO] tradingBot: HTTP Request: POST https://api.telegram.org/bot7793768064:AAEHbRn06OVIQKCsmnnYSr5Fk3b0XjyPEUg/getUpdates "HTTP/1.1 200 OK"
2025-08-28 12:06:42,450 [INFO] tradingBot: HTTP Request: POST https://api.telegram.org/bot7793768064:AAEHbRn06OVIQKCsmnnYSr5Fk3b0XjyPEUg/getUpdates "HTTP/1.1 200 OK"
2025-08-28 12:06:52,619 [INFO] tradingBot: HTTP Request: POST https://api.telegram.org/bot7793768064:AAEHbRn06OVIQKCsmnnYSr5Fk3b0XjyPEUg/getUpdates "HTTP/1.1 200 OK"
2025-08-28 12:07:02,800 [INFO] tradingBot: HTTP Request: POST https://api.telegram.org/bot7793768064:AAEHbRn06OVIQKCsmnnYSr5Fk3b0XjyPEUg/getUpdates "HTTP/1.1 200 OK"
2025-08-28 12:07:12,946 [INFO] tradingBot: HTTP Request: POST https://api.telegram.org/bot7793768064:AAEHbRn06OVIQKCsmnnYSr5Fk3b0XjyPEUg/getUpdates "HTTP/1.1 200 OK"
2025-08-28 12:07:23,245 [INFO] tradingBot: HTTP Request: POST https://api.telegram.org/bot7793768064:AAEHbRn06OVIQKCsmnnYSr5Fk3b0XjyPEUg/getUpdates "HTTP/1.1 200 OK"
2025-08-28 12:07:33,436 [INFO] tradingBot: HTTP Request: POST https://api.telegram.org/bot7793768064:AAEHbRn06OVIQKCsmnnYSr5Fk3b0XjyPEUg/getUpdates "HTTP/1.1 200 OK"
2025-08-28 12:07:43,603 [INFO] tradingBot: HTTP Request: POST https://api.telegram.org/bot7793768064:AAEHbRn06OVIQKCsmnnYSr5Fk3b0XjyPEUg/getUpdates "HTTP/1.1 200 OK"
2025-08-28 12:07:53,833 [INFO] tradingBot: HTTP Request: POST https://api.telegram.org/bot7793768064:AAEHbRn06OVIQKCsmnnYSr5Fk3b0XjyPEUg/getUpdates "HTTP/1.1 200 OK"
2025-08-28 12:08:04,258 [INFO] tradingBot: HTTP Request: POST https://api.telegram.org/bot7793768064:AAEHbRn06OVIQKCsmnnYSr5Fk3b0XjyPEUg/getUpdates "HTTP/1.1 200 OK"
2025-08-28 12:08:14,427 [INFO] tradingBot: HTTP Request: POST https://api.telegram.org/bot7793768064:AAEHbRn06OVIQKCsmnnYSr5Fk3b0XjyPEUg/getUpdates "HTTP/1.1 200 OK"
2025-08-28 12:08:24,613 [INFO] tradingBot: HTTP Request: POST https://api.telegram.org/bot7793768064:AAEHbRn06OVIQKCsmnnYSr5Fk3b0XjyPEUg/getUpdates "HTTP/1.1 200 OK"
2025-08-28 12:08:34,955 [INFO] tradingBot: HTTP Request: POST https://api.telegram.org/bot7793768064:AAEHbRn06OVIQKCsmnnYSr5Fk3b0XjyPEUg/getUpdates "HTTP/1.1 200 OK"
2025-08-28 12:08:45,117 [INFO] tradingBot: HTTP Request: POST https://api.telegram.org/bot7793768064:AAEHbRn06OVIQKCsmnnYSr5Fk3b0XjyPEUg/getUpdates "HTTP/1.1 200 OK"
2025-08-28 12:08:55,314 [INFO] tradingBot: HTTP Request: POST https://api.telegram.org/bot7793768064:AAEHbRn06OVIQKCsmnnYSr5Fk3b0XjyPEUg/getUpdates "HTTP/1.1 200 OK"
2025-08-28 12:09:05,478 [INFO] tradingBot: HTTP Request: POST https://api.telegram.org/bot7793768064:AAEHbRn06OVIQKCsmnnYSr5Fk3b0XjyPEUg/getUpdates "HTTP/1.1 200 OK"
2025-08-28 12:09:15,642 [INFO] tradingBot: HTTP Request: POST https://api.telegram.org/bot7793768064:AAEHbRn06OVIQKCsmnnYSr5Fk3b0XjyPEUg/getUpdates "HTTP/1.1 200 OK"
2025-08-28 12:09:26,199 [INFO] tradingBot: HTTP Request: POST https://api.telegram.org/bot7793768064:AAEHbRn06OVIQKCsmnnYSr5Fk3b0XjyPEUg/getUpdates "HTTP/1.1 200 OK"
2025-08-28 12:09:36,371 [INFO] tradingBot: HTTP Request: POST https://api.telegram.org/bot7793768064:AAEHbRn06OVIQKCsmnnYSr5Fk3b0XjyPEUg/getUpdates "HTTP/1.1 200 OK"
2025-08-28 12:09:46,592 [INFO] tradingBot: HTTP Request: POST https://api.telegram.org/bot7793768064:AAEHbRn06OVIQKCsmnnYSr5Fk3b0XjyPEUg/getUpdates "HTTP/1.1 200 OK"
2025-08-28 12:09:56,759 [INFO] tradingBot: HTTP Request: POST https://api.telegram.org/bot7793768064:AAEHbRn06OVIQKCsmnnYSr5Fk3b0XjyPEUg/getUpdates "HTTP/1.1 200 OK"
2025-08-28 12:10:06,934 [INFO] tradingBot: HTTP Request: POST https://api.telegram.org/bot7793768064:AAEHbRn06OVIQKCsmnnYSr5Fk3b0XjyPEUg/getUpdates "HTTP/1.1 200 OK"
2025-08-28 12:10:17,138 [INFO] tradingBot: HTTP Request: POST https://api.telegram.org/bot7793768064:AAEHbRn06OVIQKCsmnnYSr5Fk3b0XjyPEUg/getUpdates "HTTP/1.1 200 OK"
2025-08-28 12:10:27,298 [INFO] tradingBot: HTTP Request: POST https://api.telegram.org/bot7793768064:AAEHbRn06OVIQKCsmnnYSr5Fk3b0XjyPEUg/getUpdates "HTTP/1.1 200 OK"
2025-08-28 12:10:37,466 [INFO] tradingBot: HTTP Request: POST https://api.telegram.org/bot7793768064:AAEHbRn06OVIQKCsmnnYSr5Fk3b0XjyPEUg/getUpdates "HTTP/1.1 200 OK"
2025-08-28 12:10:43,290 [INFO] tradingBot: Application is stopping. This might take a moment.
2025-08-28 12:10:43,290 [INFO] tradingBot: Application.stop() complete
2025-08-28 12:10:43,290 [INFO] tradingBot: Application.run_polling() returned normally. Exiting supervisor loop.
